<?xml version="1.0" encoding="UTF-8"?>
<!-- Generated by org.testng.reporters.JUnitXMLReporter -->
<testsuite hostname="LT-CHN-35775A" name="Default test" tests="3" failures="0" timestamp="12 Mar 2020 05:41:39 GMT" time="0.036" errors="0">
  <testcase name="testCase1" time="0.014" classname="TestScripts.TestAnnotation"/>
  <testcase name="testCase2" time="0.002" classname="TestScripts.TestAnnotation"/>
  <testcase name="testCase3" time="0.001" classname="TestScripts.TestAnnotation"/>
</testsuite> <!-- Default test -->
