<?xml version="1.0" encoding="UTF-8"?>
<testng-results skipped="0" failed="0" total="1" passed="1">
  <reporter-output>
  </reporter-output>
  <suite name="Suite" duration-ms="21" started-at="2020-03-12T05:51:51Z" finished-at="2020-03-12T05:51:51Z">
    <groups>
      <group name="Abu">
        <method signature="TestAnnotation.testCase1()[pri:0, instance:TestScripts.TestAnnotation@fd07cbb]" name="testCase1" class="TestScripts.TestAnnotation"/>
      </group> <!-- Abu -->
      <group name="Regression">
        <method signature="TestAnnotation.testCase1()[pri:0, instance:TestScripts.TestAnnotation@fd07cbb]" name="testCase1" class="TestScripts.TestAnnotation"/>
      </group> <!-- Regression -->
    </groups>
    <test name="Test" duration-ms="21" started-at="2020-03-12T05:51:51Z" finished-at="2020-03-12T05:51:51Z">
      <class name="TestScripts.TestAnnotation">
        <test-method status="PASS" signature="testCase1()[pri:0, instance:TestScripts.TestAnnotation@fd07cbb]" name="testCase1" duration-ms="11" started-at="2020-03-12T11:21:51Z" finished-at="2020-03-12T11:21:51Z">
          <reporter-output>
          </reporter-output>
        </test-method> <!-- testCase1 -->
      </class> <!-- TestScripts.TestAnnotation -->
    </test> <!-- Test -->
  </suite> <!-- Suite -->
</testng-results>
